<?xml version="1.0" encoding="UTF-8"?>
<!-- Generated by org.testng.reporters.JUnitReportReporter -->
<testsuite hostname="TMPPUN05GTR1611" failures="0" tests="3" name="com.selenium.day4Scripts.TestScript001" time="4.641" errors="0" timestamp="2026-01-20T15:55:53 IST" skipped="0">
  <testcase classname="com.selenium.day4Scripts.TestScript001" name="InvokeApp" time="3.358"/>
  <testcase classname="com.selenium.day4Scripts.TestScript001" name="Click_Make_Appointment" time="1.082"/>
  <testcase classname="com.selenium.day4Scripts.TestScript001" name="performLogin_User" time="0.201"/>
</testsuite> <!-- com.selenium.day4Scripts.TestScript001 -->
