<?xml version="1.0" encoding="UTF-8"?>
<testng-results ignored="0" total="3" passed="3" failed="0" skipped="0">
  <reporter-output>
  </reporter-output>
  <suite started-at="2026-01-20T15:55:49 IST" name="Default suite" finished-at="2026-01-20T15:55:53 IST" duration-ms="4671">
    <groups>
    </groups>
    <test started-at="2026-01-20T15:55:49 IST" name="Default test" finished-at="2026-01-20T15:55:53 IST" duration-ms="4671">
      <class name="com.selenium.day4Scripts.TestScript001">
        <test-method signature="InvokeApp()[pri:1, instance:com.selenium.day4Scripts.TestScript001@7ca33c24]" started-at="2026-01-20T15:55:49 IST" name="InvokeApp" finished-at="2026-01-20T15:55:52 IST" duration-ms="3358" status="PASS">
          <reporter-output>
          </reporter-output>
        </test-method> <!-- InvokeApp -->
        <test-method signature="Click_Make_Appointment()[pri:2, instance:com.selenium.day4Scripts.TestScript001@7ca33c24]" started-at="2026-01-20T15:55:52 IST" name="Click_Make_Appointment" finished-at="2026-01-20T15:55:53 IST" duration-ms="1082" status="PASS">
          <reporter-output>
          </reporter-output>
        </test-method> <!-- Click_Make_Appointment -->
        <test-method signature="performLogin_User()[pri:3, instance:com.selenium.day4Scripts.TestScript001@7ca33c24]" started-at="2026-01-20T15:55:53 IST" name="performLogin_User" finished-at="2026-01-20T15:55:53 IST" duration-ms="201" status="PASS">
          <reporter-output>
          </reporter-output>
        </test-method> <!-- performLogin_User -->
      </class> <!-- com.selenium.day4Scripts.TestScript001 -->
    </test> <!-- Default test -->
  </suite> <!-- Default suite -->
</testng-results>
