<?xml version="1.0" encoding="UTF-8"?>
<!-- Generated by org.testng.reporters.JUnitXMLReporter -->
<testsuite ignored="0" hostname="TMPPUN05GTR1611" failures="0" tests="3" name="Default test" time="4.671" errors="0" timestamp="2026-01-20T15:55:53 IST">
  <testcase classname="com.selenium.day4Scripts.TestScript001" name="InvokeApp" time="3.358"/>
  <testcase classname="com.selenium.day4Scripts.TestScript001" name="Click_Make_Appointment" time="1.082"/>
  <testcase classname="com.selenium.day4Scripts.TestScript001" name="performLogin_User" time="0.201"/>
</testsuite> <!-- Default test -->
